<?xml version="1.0" encoding="UTF-8"?>
<!-- Generated by org.testng.reporters.JUnitXMLReporter -->
<testsuite ignored="0" hostname="DESKTOP-PP8RICL" failures="0" tests="4" name="Test" time="146.805" errors="0" timestamp="2024-09-29T14:46:58 BDT">
  <testcase classname="testCases.TC001_AccountRegistrationTest" name="verify_accRegistration" time="7.212"/>
  <testcase classname="testCases.TC002_LoginTest" name="verify_loginTest" time="26.76"/>
  <testcase classname="testCases.TC003_CartValidationTest" name="verify_cartValidation" time="20.365"/>
  <testcase classname="testCases.TC004_CheckoutTest" name="verify_cartValidation" time="73.932"/>
</testsuite> <!-- Test -->
