<?xml version="1.0" encoding="UTF-8"?>
<!-- Generated by org.testng.reporters.JUnitXMLReporter -->
<testsuite ignored="0" hostname="DESKTOP-PP8RICL" failures="0" tests="4" name="Test" time="140.369" errors="0" timestamp="2024-09-29T15:27:38 BDT">
  <testcase classname="testCases.TC001_AccountRegistrationTest" name="verify_accRegistration" time="7.24"/>
  <testcase classname="testCases.TC002_LoginTest" name="verify_loginTest" time="32.223"/>
  <testcase classname="testCases.TC003_CartValidationTest" name="verify_cartValidation" time="15.482"/>
  <testcase classname="testCases.TC004_CheckoutTest" name="verify_checkoutProcessTest" time="61.245"/>
</testsuite> <!-- Test -->
