<?xml version="1.0" encoding="UTF-8"?>
<!-- Generated by org.testng.reporters.JUnitXMLReporter -->
<testsuite ignored="0" hostname="DESKTOP-PP8RICL" failures="0" tests="4" name="Test" time="244.275" errors="0" timestamp="2024-09-29T14:27:54 BDT">
  <testcase classname="testCases.TC001_AccountRegistrationTest" name="verify_accRegistration" time="8.063"/>
  <testcase classname="testCases.TC002_LoginTest" name="verify_loginTest" time="29.774"/>
  <testcase classname="testCases.TC003_CartValidationTest" name="verify_cartValidation" time="62.631"/>
  <testcase classname="testCases.TC004_CheckoutTest" name="verify_cartValidation" time="89.455"/>
</testsuite> <!-- Test -->
