<?xml version="1.0" encoding="UTF-8"?>
<!-- Generated by org.testng.reporters.JUnitXMLReporter -->
<testsuite ignored="0" hostname="DESKTOP-PP8RICL" failures="0" tests="3" name="Test" time="156.535" errors="0" timestamp="2024-09-26T20:58:02 BDT">
  <testcase classname="testCases.TC001_AccountRegistrationTest" name="verify_accRegistration" time="47.018"/>
  <testcase classname="testCases.TC002_LoginTest" name="verify_loginTest" time="20.326"/>
  <testcase classname="testCases.TC003_CartValidationTest" name="verify_cartValidation" time="53.403"/>
</testsuite> <!-- Test -->
