<?xml version="1.0" encoding="UTF-8"?>
<testng-results ignored="0" total="2" passed="2" failed="0" skipped="0">
  <reporter-output>
  </reporter-output>
  <suite started-at="2024-09-23T19:11:28 BDT" name="Master Suite" finished-at="2024-09-23T19:12:02 BDT" duration-ms="33631">
    <groups>
      <group name="Sanity">
        <method signature="TC001_AccountRegistrationTest.verify_accRegistration()[pri:0, instance:testCases.TC001_AccountRegistrationTest@7a1a14a4]" name="verify_accRegistration" class="testCases.TC001_AccountRegistrationTest"/>
        <method signature="TC002_LoginTest.verify_loginTest()[pri:0, instance:testCases.TC002_LoginTest@5d066c7d]" name="verify_loginTest" class="testCases.TC002_LoginTest"/>
      </group> <!-- Sanity -->
    </groups>
    <test started-at="2024-09-23T19:11:28 BDT" name="Test" finished-at="2024-09-23T19:12:02 BDT" duration-ms="33631">
      <class name="testCases.TC002_LoginTest">
        <test-method is-config="true" signature="setup(java.lang.String,java.lang.String)[pri:0, instance:testCases.TC002_LoginTest@5d066c7d]" started-at="2024-09-23T19:11:48 BDT" name="setup" finished-at="2024-09-23T19:11:54 BDT" duration-ms="5475" status="PASS">
          <params>
            <param index="0">
              <value>
                <![CDATA[Windows]]>
              </value>
            </param>
            <param index="1">
              <value>
                <![CDATA[chrome]]>
              </value>
            </param>
          </params>
          <reporter-output>
          </reporter-output>
        </test-method> <!-- setup -->
        <test-method signature="verify_loginTest()[pri:0, instance:testCases.TC002_LoginTest@5d066c7d]" started-at="2024-09-23T19:11:54 BDT" name="verify_loginTest" finished-at="2024-09-23T19:12:01 BDT" duration-ms="7594" status="PASS">
          <reporter-output>
          </reporter-output>
        </test-method> <!-- verify_loginTest -->
        <test-method is-config="true" signature="tearDown()[pri:0, instance:testCases.TC002_LoginTest@5d066c7d]" started-at="2024-09-23T19:12:01 BDT" name="tearDown" finished-at="2024-09-23T19:12:02 BDT" duration-ms="192" status="PASS">
          <reporter-output>
          </reporter-output>
        </test-method> <!-- tearDown -->
      </class> <!-- testCases.TC002_LoginTest -->
      <class name="testCases.TC001_AccountRegistrationTest">
        <test-method is-config="true" signature="setup(java.lang.String,java.lang.String)[pri:0, instance:testCases.TC001_AccountRegistrationTest@7a1a14a4]" started-at="2024-09-23T19:11:28 BDT" name="setup" finished-at="2024-09-23T19:11:34 BDT" duration-ms="5297" status="PASS">
          <params>
            <param index="0">
              <value>
                <![CDATA[Windows]]>
              </value>
            </param>
            <param index="1">
              <value>
                <![CDATA[chrome]]>
              </value>
            </param>
          </params>
          <reporter-output>
          </reporter-output>
        </test-method> <!-- setup -->
        <test-method signature="verify_accRegistration()[pri:0, instance:testCases.TC001_AccountRegistrationTest@7a1a14a4]" started-at="2024-09-23T19:11:34 BDT" name="verify_accRegistration" finished-at="2024-09-23T19:11:48 BDT" duration-ms="14661" status="PASS">
          <reporter-output>
          </reporter-output>
        </test-method> <!-- verify_accRegistration -->
        <test-method is-config="true" signature="tearDown()[pri:0, instance:testCases.TC001_AccountRegistrationTest@7a1a14a4]" started-at="2024-09-23T19:11:48 BDT" name="tearDown" finished-at="2024-09-23T19:11:48 BDT" duration-ms="172" status="PASS">
          <reporter-output>
          </reporter-output>
        </test-method> <!-- tearDown -->
      </class> <!-- testCases.TC001_AccountRegistrationTest -->
    </test> <!-- Test -->
  </suite> <!-- Master Suite -->
</testng-results>
