<?xml version="1.0" encoding="UTF-8"?>
<testng-results ignored="0" total="4" passed="4" failed="0" skipped="0">
  <reporter-output>
  </reporter-output>
  <suite started-at="2024-09-29T14:44:31 BDT" name="Master Suite" finished-at="2024-09-29T14:46:57 BDT" duration-ms="146805">
    <groups>
      <group name="Sanity">
        <method signature="TC001_AccountRegistrationTest.verify_accRegistration()[pri:0, instance:testCases.TC001_AccountRegistrationTest@61544ae6]" name="verify_accRegistration" class="testCases.TC001_AccountRegistrationTest"/>
        <method signature="TC002_LoginTest.verify_loginTest()[pri:0, instance:testCases.TC002_LoginTest@56928307]" name="verify_loginTest" class="testCases.TC002_LoginTest"/>
        <method signature="TC003_CartValidationTest.verify_cartValidation()[pri:0, instance:testCases.TC003_CartValidationTest@3899782c]" name="verify_cartValidation" class="testCases.TC003_CartValidationTest"/>
      </group> <!-- Sanity -->
      <group name="Regression">
        <method signature="TC003_CartValidationTest.verify_cartValidation()[pri:0, instance:testCases.TC003_CartValidationTest@3899782c]" name="verify_cartValidation" class="testCases.TC003_CartValidationTest"/>
        <method signature="TC004_CheckoutTest.verify_cartValidation()[pri:0, instance:testCases.TC004_CheckoutTest@1603cd68]" name="verify_cartValidation" class="testCases.TC004_CheckoutTest"/>
      </group> <!-- Regression -->
    </groups>
    <test started-at="2024-09-29T14:44:31 BDT" name="Test" finished-at="2024-09-29T14:46:57 BDT" duration-ms="146805">
      <class name="testCases.TC004_CheckoutTest">
        <test-method is-config="true" signature="setup(java.lang.String,java.lang.String)[pri:0, instance:testCases.TC004_CheckoutTest@1603cd68]" started-at="2024-09-29T14:45:39 BDT" name="setup" finished-at="2024-09-29T14:45:43 BDT" duration-ms="4067" status="PASS">
          <params>
            <param index="0">
              <value>
                <![CDATA[Windows]]>
              </value>
            </param>
            <param index="1">
              <value>
                <![CDATA[chrome]]>
              </value>
            </param>
          </params>
          <reporter-output>
          </reporter-output>
        </test-method> <!-- setup -->
        <test-method signature="verify_cartValidation()[pri:0, instance:testCases.TC004_CheckoutTest@1603cd68]" started-at="2024-09-29T14:45:43 BDT" name="verify_cartValidation" finished-at="2024-09-29T14:46:57 BDT" duration-ms="73932" status="PASS">
          <reporter-output>
          </reporter-output>
        </test-method> <!-- verify_cartValidation -->
        <test-method is-config="true" signature="tearDown()[pri:0, instance:testCases.TC004_CheckoutTest@1603cd68]" started-at="2024-09-29T14:46:57 BDT" name="tearDown" finished-at="2024-09-29T14:46:57 BDT" duration-ms="212" status="PASS">
          <reporter-output>
          </reporter-output>
        </test-method> <!-- tearDown -->
      </class> <!-- testCases.TC004_CheckoutTest -->
      <class name="testCases.TC002_LoginTest">
        <test-method is-config="true" signature="setup(java.lang.String,java.lang.String)[pri:0, instance:testCases.TC002_LoginTest@56928307]" started-at="2024-09-29T14:44:44 BDT" name="setup" finished-at="2024-09-29T14:44:48 BDT" duration-ms="4019" status="PASS">
          <params>
            <param index="0">
              <value>
                <![CDATA[Windows]]>
              </value>
            </param>
            <param index="1">
              <value>
                <![CDATA[chrome]]>
              </value>
            </param>
          </params>
          <reporter-output>
          </reporter-output>
        </test-method> <!-- setup -->
        <test-method signature="verify_loginTest()[pri:0, instance:testCases.TC002_LoginTest@56928307]" started-at="2024-09-29T14:44:48 BDT" name="verify_loginTest" finished-at="2024-09-29T14:45:14 BDT" duration-ms="26760" status="PASS">
          <reporter-output>
          </reporter-output>
        </test-method> <!-- verify_loginTest -->
        <test-method is-config="true" signature="tearDown()[pri:0, instance:testCases.TC002_LoginTest@56928307]" started-at="2024-09-29T14:45:14 BDT" name="tearDown" finished-at="2024-09-29T14:45:15 BDT" duration-ms="215" status="PASS">
          <reporter-output>
          </reporter-output>
        </test-method> <!-- tearDown -->
      </class> <!-- testCases.TC002_LoginTest -->
      <class name="testCases.TC001_AccountRegistrationTest">
        <test-method is-config="true" signature="setup(java.lang.String,java.lang.String)[pri:0, instance:testCases.TC001_AccountRegistrationTest@61544ae6]" started-at="2024-09-29T14:44:31 BDT" name="setup" finished-at="2024-09-29T14:44:36 BDT" duration-ms="5357" status="PASS">
          <params>
            <param index="0">
              <value>
                <![CDATA[Windows]]>
              </value>
            </param>
            <param index="1">
              <value>
                <![CDATA[chrome]]>
              </value>
            </param>
          </params>
          <reporter-output>
          </reporter-output>
        </test-method> <!-- setup -->
        <test-method signature="verify_accRegistration()[pri:0, instance:testCases.TC001_AccountRegistrationTest@61544ae6]" started-at="2024-09-29T14:44:36 BDT" name="verify_accRegistration" finished-at="2024-09-29T14:44:43 BDT" duration-ms="7212" status="PASS">
          <reporter-output>
          </reporter-output>
        </test-method> <!-- verify_accRegistration -->
        <test-method is-config="true" signature="tearDown()[pri:0, instance:testCases.TC001_AccountRegistrationTest@61544ae6]" started-at="2024-09-29T14:44:43 BDT" name="tearDown" finished-at="2024-09-29T14:44:44 BDT" duration-ms="151" status="PASS">
          <reporter-output>
          </reporter-output>
        </test-method> <!-- tearDown -->
      </class> <!-- testCases.TC001_AccountRegistrationTest -->
      <class name="testCases.TC003_CartValidationTest">
        <test-method is-config="true" signature="setup(java.lang.String,java.lang.String)[pri:0, instance:testCases.TC003_CartValidationTest@3899782c]" started-at="2024-09-29T14:45:15 BDT" name="setup" finished-at="2024-09-29T14:45:19 BDT" duration-ms="4075" status="PASS">
          <params>
            <param index="0">
              <value>
                <![CDATA[Windows]]>
              </value>
            </param>
            <param index="1">
              <value>
                <![CDATA[chrome]]>
              </value>
            </param>
          </params>
          <reporter-output>
          </reporter-output>
        </test-method> <!-- setup -->
        <test-method signature="verify_cartValidation()[pri:0, instance:testCases.TC003_CartValidationTest@3899782c]" started-at="2024-09-29T14:45:19 BDT" name="verify_cartValidation" finished-at="2024-09-29T14:45:39 BDT" duration-ms="20365" status="PASS">
          <reporter-output>
          </reporter-output>
        </test-method> <!-- verify_cartValidation -->
        <test-method is-config="true" signature="tearDown()[pri:0, instance:testCases.TC003_CartValidationTest@3899782c]" started-at="2024-09-29T14:45:39 BDT" name="tearDown" finished-at="2024-09-29T14:45:39 BDT" duration-ms="178" status="PASS">
          <reporter-output>
          </reporter-output>
        </test-method> <!-- tearDown -->
      </class> <!-- testCases.TC003_CartValidationTest -->
    </test> <!-- Test -->
  </suite> <!-- Master Suite -->
</testng-results>
