<?xml version="1.0" encoding="UTF-8"?>
<testng-results ignored="0" total="3" passed="3" failed="0" skipped="0">
  <reporter-output>
  </reporter-output>
  <suite started-at="2024-09-26T20:55:24 BDT" name="Master Suite" finished-at="2024-09-26T20:58:01 BDT" duration-ms="156535">
    <groups>
      <group name="Master">
        <method signature="TC003_CartValidationTest.verify_cartValidation()[pri:0, instance:testCases.TC003_CartValidationTest@13c3c1e1]" name="verify_cartValidation" class="testCases.TC003_CartValidationTest"/>
      </group> <!-- Master -->
      <group name="Sanity">
        <method signature="TC001_AccountRegistrationTest.verify_accRegistration()[pri:0, instance:testCases.TC001_AccountRegistrationTest@41925502]" name="verify_accRegistration" class="testCases.TC001_AccountRegistrationTest"/>
        <method signature="TC002_LoginTest.verify_loginTest()[pri:0, instance:testCases.TC002_LoginTest@5b40ceb]" name="verify_loginTest" class="testCases.TC002_LoginTest"/>
        <method signature="TC003_CartValidationTest.verify_cartValidation()[pri:0, instance:testCases.TC003_CartValidationTest@13c3c1e1]" name="verify_cartValidation" class="testCases.TC003_CartValidationTest"/>
      </group> <!-- Sanity -->
    </groups>
    <test started-at="2024-09-26T20:55:24 BDT" name="Test" finished-at="2024-09-26T20:58:01 BDT" duration-ms="156535">
      <class name="testCases.TC002_LoginTest">
        <test-method is-config="true" signature="setup(java.lang.String,java.lang.String)[pri:0, instance:testCases.TC002_LoginTest@5b40ceb]" started-at="2024-09-26T20:56:28 BDT" name="setup" finished-at="2024-09-26T20:56:35 BDT" duration-ms="7180" status="PASS">
          <params>
            <param index="0">
              <value>
                <![CDATA[Windows]]>
              </value>
            </param>
            <param index="1">
              <value>
                <![CDATA[chrome]]>
              </value>
            </param>
          </params>
          <reporter-output>
          </reporter-output>
        </test-method> <!-- setup -->
        <test-method signature="verify_loginTest()[pri:0, instance:testCases.TC002_LoginTest@5b40ceb]" started-at="2024-09-26T20:56:35 BDT" name="verify_loginTest" finished-at="2024-09-26T20:56:55 BDT" duration-ms="20326" status="PASS">
          <reporter-output>
          </reporter-output>
        </test-method> <!-- verify_loginTest -->
        <test-method is-config="true" signature="tearDown()[pri:0, instance:testCases.TC002_LoginTest@5b40ceb]" started-at="2024-09-26T20:56:55 BDT" name="tearDown" finished-at="2024-09-26T20:56:55 BDT" duration-ms="1" status="PASS">
          <reporter-output>
          </reporter-output>
        </test-method> <!-- tearDown -->
      </class> <!-- testCases.TC002_LoginTest -->
      <class name="testCases.TC001_AccountRegistrationTest">
        <test-method is-config="true" signature="setup(java.lang.String,java.lang.String)[pri:0, instance:testCases.TC001_AccountRegistrationTest@41925502]" started-at="2024-09-26T20:55:25 BDT" name="setup" finished-at="2024-09-26T20:55:41 BDT" duration-ms="16100" status="PASS">
          <params>
            <param index="0">
              <value>
                <![CDATA[Windows]]>
              </value>
            </param>
            <param index="1">
              <value>
                <![CDATA[chrome]]>
              </value>
            </param>
          </params>
          <reporter-output>
          </reporter-output>
        </test-method> <!-- setup -->
        <test-method signature="verify_accRegistration()[pri:0, instance:testCases.TC001_AccountRegistrationTest@41925502]" started-at="2024-09-26T20:55:41 BDT" name="verify_accRegistration" finished-at="2024-09-26T20:56:28 BDT" duration-ms="47018" status="PASS">
          <reporter-output>
          </reporter-output>
        </test-method> <!-- verify_accRegistration -->
        <test-method is-config="true" signature="tearDown()[pri:0, instance:testCases.TC001_AccountRegistrationTest@41925502]" started-at="2024-09-26T20:56:28 BDT" name="tearDown" finished-at="2024-09-26T20:56:28 BDT" duration-ms="0" status="PASS">
          <reporter-output>
          </reporter-output>
        </test-method> <!-- tearDown -->
      </class> <!-- testCases.TC001_AccountRegistrationTest -->
      <class name="testCases.TC003_CartValidationTest">
        <test-method is-config="true" signature="setup(java.lang.String,java.lang.String)[pri:0, instance:testCases.TC003_CartValidationTest@13c3c1e1]" started-at="2024-09-26T20:56:55 BDT" name="setup" finished-at="2024-09-26T20:57:07 BDT" duration-ms="12182" status="PASS">
          <params>
            <param index="0">
              <value>
                <![CDATA[Windows]]>
              </value>
            </param>
            <param index="1">
              <value>
                <![CDATA[chrome]]>
              </value>
            </param>
          </params>
          <reporter-output>
          </reporter-output>
        </test-method> <!-- setup -->
        <test-method signature="verify_cartValidation()[pri:0, instance:testCases.TC003_CartValidationTest@13c3c1e1]" started-at="2024-09-26T20:57:07 BDT" name="verify_cartValidation" finished-at="2024-09-26T20:58:01 BDT" duration-ms="53403" status="PASS">
          <reporter-output>
          </reporter-output>
        </test-method> <!-- verify_cartValidation -->
        <test-method is-config="true" signature="tearDown()[pri:0, instance:testCases.TC003_CartValidationTest@13c3c1e1]" started-at="2024-09-26T20:58:01 BDT" name="tearDown" finished-at="2024-09-26T20:58:01 BDT" duration-ms="0" status="PASS">
          <reporter-output>
          </reporter-output>
        </test-method> <!-- tearDown -->
      </class> <!-- testCases.TC003_CartValidationTest -->
    </test> <!-- Test -->
  </suite> <!-- Master Suite -->
</testng-results>
